<?xml version="1.0" encoding="UTF-8"?>
<coverage generated="1706149841628" clover="3.2.0">
  <project timestamp="1706149841628" name="All files">
    <metrics statements="37" coveredstatements="37" conditionals="7" coveredconditionals="7" methods="14" coveredmethods="14" elements="58" coveredelements="58" complexity="0" loc="37" ncloc="37" packages="1" files="8" classes="8"/>
    <file name="acceptable-password-ii.ts" path="/Users/jerry/workspace/learn/tdd-type-script/test/acceptable-password-ii.ts">
      <metrics statements="4" coveredstatements="4" conditionals="0" coveredconditionals="0" methods="2" coveredmethods="2"/>
      <line num="1" count="1" type="stmt"/>
      <line num="2" count="1" type="stmt"/>
      <line num="3" count="2" type="stmt"/>
      <line num="6" count="1" type="stmt"/>
    </file>
    <file name="acceptable-password-iii.ts" path="/Users/jerry/workspace/learn/tdd-type-script/test/acceptable-password-iii.ts">
      <metrics statements="7" coveredstatements="7" conditionals="4" coveredconditionals="4" methods="2" coveredmethods="2"/>
      <line num="1" count="1" type="stmt"/>
      <line num="2" count="6" type="stmt"/>
      <line num="3" count="6" type="stmt"/>
      <line num="4" count="6" type="stmt"/>
      <line num="5" count="37" type="cond" truecount="4" falsecount="0"/>
      <line num="6" count="2" type="stmt"/>
      <line num="9" count="6" type="stmt"/>
    </file>
    <file name="all-upper.ts" path="/Users/jerry/workspace/learn/tdd-type-script/test/all-upper.ts">
      <metrics statements="2" coveredstatements="2" conditionals="0" coveredconditionals="0" methods="1" coveredmethods="1"/>
      <line num="1" count="1" type="stmt"/>
      <line num="2" count="2" type="stmt"/>
    </file>
    <file name="count-vowels.ts" path="/Users/jerry/workspace/learn/tdd-type-script/test/count-vowels.ts">
      <metrics statements="8" coveredstatements="8" conditionals="1" coveredconditionals="1" methods="2" coveredmethods="2"/>
      <line num="1" count="1" type="stmt"/>
      <line num="2" count="3" type="stmt"/>
      <line num="3" count="3" type="stmt"/>
      <line num="4" count="3" type="stmt"/>
      <line num="5" count="11" type="stmt"/>
      <line num="6" count="11" type="cond" truecount="1" falsecount="0"/>
      <line num="7" count="6" type="stmt"/>
      <line num="10" count="3" type="stmt"/>
    </file>
    <file name="filter-member.ts" path="/Users/jerry/workspace/learn/tdd-type-script/test/filter-member.ts">
      <metrics statements="8" coveredstatements="8" conditionals="1" coveredconditionals="1" methods="4" coveredmethods="4"/>
      <line num="6" count="1" type="stmt"/>
      <line num="7" count="5" type="stmt"/>
      <line num="10" count="1" type="stmt"/>
      <line num="11" count="1" type="stmt"/>
      <line num="12" count="1" type="stmt"/>
      <line num="13" count="5" type="cond" truecount="1" falsecount="0"/>
      <line num="14" count="3" type="stmt"/>
      <line num="17" count="1" type="stmt"/>
    </file>
    <file name="isAcceptablePassword.ts" path="/Users/jerry/workspace/learn/tdd-type-script/test/isAcceptablePassword.ts">
      <metrics statements="2" coveredstatements="2" conditionals="0" coveredconditionals="0" methods="1" coveredmethods="1"/>
      <line num="1" count="1" type="stmt"/>
      <line num="2" count="2" type="stmt"/>
    </file>
    <file name="isEven.ts" path="/Users/jerry/workspace/learn/tdd-type-script/test/isEven.ts">
      <metrics statements="4" coveredstatements="4" conditionals="1" coveredconditionals="1" methods="1" coveredmethods="1"/>
      <line num="1" count="1" type="stmt"/>
      <line num="2" count="3" type="cond" truecount="1" falsecount="0"/>
      <line num="3" count="1" type="stmt"/>
      <line num="5" count="2" type="stmt"/>
    </file>
    <file name="multiTwo.ts" path="/Users/jerry/workspace/learn/tdd-type-script/test/multiTwo.ts">
      <metrics statements="2" coveredstatements="2" conditionals="0" coveredconditionals="0" methods="1" coveredmethods="1"/>
      <line num="1" count="1" type="stmt"/>
      <line num="2" count="3" type="stmt"/>
    </file>
  </project>
</coverage>
