{"/Users/jerry/workspace/learn/tdd-type-script/test/acceptable-password-ii.ts": {"path":"/Users/jerry/workspace/learn/tdd-type-script/test/acceptable-password-ii.ts","statementMap":{"0":{"start":{"line":1,"column":0},"end":{"line":1,"column":13}},"1":{"start":{"line":2,"column":2},"end":{"line":5,"column":null}},"2":{"start":{"line":3,"column":4},"end":{"line":3,"column":32}},"3":{"start":{"line":6,"column":0},"end":{"line":6,"column":null}},"4":{"start":{"line":1,"column":13},"end":{"line":1,"column":31}}},"fnMap":{"0":{"name":"(anonymous_0)","decl":{"start":{"line":1,"column":0},"end":{"line":1,"column":13}},"loc":{"start":{"line":1,"column":0},"end":{"line":6,"column":null}}},"1":{"name":"(anonymous_2)","decl":{"start":{"line":2,"column":2},"end":{"line":2,"column":18}},"loc":{"start":{"line":2,"column":35},"end":{"line":5,"column":3}}}},"branchMap":{},"s":{"0":1,"1":1,"2":2,"3":1,"4":1},"f":{"0":4,"1":2},"b":{}}
,"/Users/jerry/workspace/learn/tdd-type-script/test/acceptable-password-iii.ts": {"path":"/Users/jerry/workspace/learn/tdd-type-script/test/acceptable-password-iii.ts","statementMap":{"0":{"start":{"line":2,"column":19},"end":{"line":2,"column":31}},"1":{"start":{"line":3,"column":18},"end":{"line":3,"column":23}},"2":{"start":{"line":4,"column":4},"end":{"line":8,"column":7}},"3":{"start":{"line":5,"column":8},"end":{"line":7,"column":9}},"4":{"start":{"line":6,"column":12},"end":{"line":6,"column":27}},"5":{"start":{"line":9,"column":4},"end":{"line":9,"column":19}},"6":{"start":{"line":1,"column":0},"end":{"line":1,"column":16}}},"fnMap":{"0":{"name":"acceptablePasswordIII","decl":{"start":{"line":1,"column":16},"end":{"line":1,"column":37}},"loc":{"start":{"line":1,"column":54},"end":{"line":10,"column":1}}},"1":{"name":"(anonymous_1)","decl":{"start":{"line":4,"column":31},"end":{"line":4,"column":32}},"loc":{"start":{"line":4,"column":36},"end":{"line":8,"column":5}}}},"branchMap":{"0":{"loc":{"start":{"line":5,"column":8},"end":{"line":7,"column":9}},"type":"if","locations":[{"start":{"line":5,"column":8},"end":{"line":7,"column":9}}]},"1":{"loc":{"start":{"line":5,"column":12},"end":{"line":5,"column":77}},"type":"binary-expr","locations":[{"start":{"line":5,"column":12},"end":{"line":5,"column":33}},{"start":{"line":5,"column":37},"end":{"line":5,"column":57}},{"start":{"line":5,"column":61},"end":{"line":5,"column":77}}]}},"s":{"0":6,"1":6,"2":6,"3":37,"4":2,"5":6,"6":1},"f":{"0":6,"1":37},"b":{"0":[2],"1":[37,9,9]}}
,"/Users/jerry/workspace/learn/tdd-type-script/test/all-upper.ts": {"path":"/Users/jerry/workspace/learn/tdd-type-script/test/all-upper.ts","statementMap":{"0":{"start":{"line":2,"column":4},"end":{"line":2,"column":37}},"1":{"start":{"line":1,"column":0},"end":{"line":1,"column":16}}},"fnMap":{"0":{"name":"allUpper","decl":{"start":{"line":1,"column":16},"end":{"line":1,"column":24}},"loc":{"start":{"line":1,"column":37},"end":{"line":3,"column":1}}}},"branchMap":{},"s":{"0":2,"1":1},"f":{"0":2},"b":{}}
,"/Users/jerry/workspace/learn/tdd-type-script/test/count-vowels.ts": {"path":"/Users/jerry/workspace/learn/tdd-type-script/test/count-vowels.ts","statementMap":{"0":{"start":{"line":2,"column":18},"end":{"line":2,"column":40}},"1":{"start":{"line":3,"column":16},"end":{"line":3,"column":17}},"2":{"start":{"line":4,"column":4},"end":{"line":9,"column":7}},"3":{"start":{"line":5,"column":25},"end":{"line":5,"column":46}},"4":{"start":{"line":6,"column":8},"end":{"line":8,"column":9}},"5":{"start":{"line":7,"column":12},"end":{"line":7,"column":20}},"6":{"start":{"line":10,"column":4},"end":{"line":10,"column":17}},"7":{"start":{"line":1,"column":0},"end":{"line":1,"column":16}}},"fnMap":{"0":{"name":"countVowels","decl":{"start":{"line":1,"column":16},"end":{"line":1,"column":27}},"loc":{"start":{"line":1,"column":40},"end":{"line":11,"column":1}}},"1":{"name":"(anonymous_1)","decl":{"start":{"line":4,"column":27},"end":{"line":4,"column":28}},"loc":{"start":{"line":4,"column":32},"end":{"line":9,"column":5}}}},"branchMap":{"0":{"loc":{"start":{"line":6,"column":8},"end":{"line":8,"column":9}},"type":"if","locations":[{"start":{"line":6,"column":8},"end":{"line":8,"column":9}}]}},"s":{"0":3,"1":3,"2":3,"3":11,"4":11,"5":6,"6":3,"7":1},"f":{"0":3,"1":11},"b":{"0":[6]}}
,"/Users/jerry/workspace/learn/tdd-type-script/test/filter-member.ts": {"path":"/Users/jerry/workspace/learn/tdd-type-script/test/filter-member.ts","statementMap":{"0":{"start":{"line":7,"column":4},"end":{"line":7,"column":null}},"1":{"start":{"line":7,"column":39},"end":{"line":7,"column":54}},"2":{"start":{"line":6,"column":0},"end":{"line":6,"column":16}},"3":{"start":{"line":11,"column":30},"end":{"line":11,"column":32}},"4":{"start":{"line":12,"column":4},"end":{"line":16,"column":7}},"5":{"start":{"line":13,"column":8},"end":{"line":15,"column":9}},"6":{"start":{"line":14,"column":12},"end":{"line":14,"column":null}},"7":{"start":{"line":17,"column":4},"end":{"line":17,"column":23}},"8":{"start":{"line":10,"column":0},"end":{"line":10,"column":16}}},"fnMap":{"0":{"name":"filtterMember","decl":{"start":{"line":6,"column":16},"end":{"line":6,"column":29}},"loc":{"start":{"line":6,"column":53},"end":{"line":8,"column":1}}},"1":{"name":"(anonymous_1)","decl":{"start":{"line":7,"column":28},"end":{"line":7,"column":29}},"loc":{"start":{"line":7,"column":34},"end":{"line":7,"column":44}}},"2":{"name":"longestName","decl":{"start":{"line":10,"column":16},"end":{"line":10,"column":27}},"loc":{"start":{"line":10,"column":51},"end":{"line":18,"column":1}}},"3":{"name":"(anonymous_3)","decl":{"start":{"line":12,"column":22},"end":{"line":12,"column":23}},"loc":{"start":{"line":12,"column":35},"end":{"line":16,"column":5}}}},"branchMap":{"0":{"loc":{"start":{"line":13,"column":8},"end":{"line":15,"column":9}},"type":"if","locations":[{"start":{"line":13,"column":8},"end":{"line":15,"column":9}}]}},"s":{"0":1,"1":5,"2":1,"3":1,"4":1,"5":5,"6":3,"7":1,"8":1},"f":{"0":1,"1":5,"2":1,"3":5},"b":{"0":[3]}}
,"/Users/jerry/workspace/learn/tdd-type-script/test/isAcceptablePassword.ts": {"path":"/Users/jerry/workspace/learn/tdd-type-script/test/isAcceptablePassword.ts","statementMap":{"0":{"start":{"line":2,"column":4},"end":{"line":2,"column":31}},"1":{"start":{"line":1,"column":0},"end":{"line":1,"column":16}}},"fnMap":{"0":{"name":"isAcceptablePassword","decl":{"start":{"line":1,"column":16},"end":{"line":1,"column":36}},"loc":{"start":{"line":1,"column":53},"end":{"line":3,"column":1}}}},"branchMap":{},"s":{"0":2,"1":1},"f":{"0":2},"b":{}}
,"/Users/jerry/workspace/learn/tdd-type-script/test/isEven.ts": {"path":"/Users/jerry/workspace/learn/tdd-type-script/test/isEven.ts","statementMap":{"0":{"start":{"line":2,"column":4},"end":{"line":4,"column":5}},"1":{"start":{"line":3,"column":8},"end":{"line":3,"column":null}},"2":{"start":{"line":5,"column":4},"end":{"line":5,"column":23}},"3":{"start":{"line":1,"column":0},"end":{"line":1,"column":16}}},"fnMap":{"0":{"name":"isEven","decl":{"start":{"line":1,"column":16},"end":{"line":1,"column":22}},"loc":{"start":{"line":1,"column":34},"end":{"line":6,"column":1}}}},"branchMap":{"0":{"loc":{"start":{"line":2,"column":4},"end":{"line":4,"column":5}},"type":"if","locations":[{"start":{"line":2,"column":4},"end":{"line":4,"column":5}}]}},"s":{"0":3,"1":1,"2":2,"3":1},"f":{"0":3},"b":{"0":[1]}}
,"/Users/jerry/workspace/learn/tdd-type-script/test/multiTwo.ts": {"path":"/Users/jerry/workspace/learn/tdd-type-script/test/multiTwo.ts","statementMap":{"0":{"start":{"line":2,"column":4},"end":{"line":2,"column":19}},"1":{"start":{"line":1,"column":0},"end":{"line":1,"column":16}}},"fnMap":{"0":{"name":"multiTwo","decl":{"start":{"line":1,"column":16},"end":{"line":1,"column":24}},"loc":{"start":{"line":1,"column":49},"end":{"line":3,"column":1}}}},"branchMap":{},"s":{"0":3,"1":1},"f":{"0":3},"b":{}}
}
