TN:
SF:test/acceptable-password-ii.ts
FN:1,(anonymous_0)
FN:2,(anonymous_2)
FNF:2
FNH:2
FNDA:4,(anonymous_0)
FNDA:2,(anonymous_2)
DA:1,1
DA:2,1
DA:3,2
DA:6,1
LF:4
LH:4
BRF:0
BRH:0
end_of_record
TN:
SF:test/acceptable-password-iii.ts
FN:1,acceptablePasswordIII
FN:4,(anonymous_1)
FNF:2
FNH:2
FNDA:6,acceptablePasswordIII
FNDA:37,(anonymous_1)
DA:1,1
DA:2,6
DA:3,6
DA:4,6
DA:5,37
DA:6,2
DA:9,6
LF:7
LH:7
BRDA:5,0,0,2
BRDA:5,1,0,37
BRDA:5,1,1,9
BRDA:5,1,2,9
BRF:4
BRH:4
end_of_record
TN:
SF:test/all-upper.ts
FN:1,allUpper
FNF:1
FNH:1
FNDA:2,allUpper
DA:1,1
DA:2,2
LF:2
LH:2
BRF:0
BRH:0
end_of_record
TN:
SF:test/count-vowels.ts
FN:1,countVowels
FN:4,(anonymous_1)
FNF:2
FNH:2
FNDA:3,countVowels
FNDA:11,(anonymous_1)
DA:1,1
DA:2,3
DA:3,3
DA:4,3
DA:5,11
DA:6,11
DA:7,6
DA:10,3
LF:8
LH:8
BRDA:6,0,0,6
BRF:1
BRH:1
end_of_record
TN:
SF:test/filter-member.ts
FN:6,filtterMember
FN:7,(anonymous_1)
FN:10,longestName
FN:12,(anonymous_3)
FNF:4
FNH:4
FNDA:1,filtterMember
FNDA:5,(anonymous_1)
FNDA:1,longestName
FNDA:5,(anonymous_3)
DA:6,1
DA:7,5
DA:10,1
DA:11,1
DA:12,1
DA:13,5
DA:14,3
DA:17,1
LF:8
LH:8
BRDA:13,0,0,3
BRF:1
BRH:1
end_of_record
TN:
SF:test/isAcceptablePassword.ts
FN:1,isAcceptablePassword
FNF:1
FNH:1
FNDA:2,isAcceptablePassword
DA:1,1
DA:2,2
LF:2
LH:2
BRF:0
BRH:0
end_of_record
TN:
SF:test/isEven.ts
FN:1,isEven
FNF:1
FNH:1
FNDA:3,isEven
DA:1,1
DA:2,3
DA:3,1
DA:5,2
LF:4
LH:4
BRDA:2,0,0,1
BRF:1
BRH:1
end_of_record
TN:
SF:test/multiTwo.ts
FN:1,multiTwo
FNF:1
FNH:1
FNDA:3,multiTwo
DA:1,1
DA:2,3
LF:2
LH:2
BRF:0
BRH:0
end_of_record
